#
# A fatal error has been detected by the Java Runtime Environment:
#
#  EXCEPTION_ACCESS_VIOLATION (0xc0000005) at pc=0x69bc43c5, pid=9520, tid=7364
#
# JRE version: 7.0_01-b08
# Java VM: Java HotSpot(TM) Client VM (21.1-b02 mixed mode, sharing windows-x86 )
# Problematic frame:
# C  [opencv.dll+0x43c5]
#
# Failed to write core dump. Minidumps are not enabled by default on client versions of Windows
#
# If you would like to submit a bug report, please visit:
#   http://bugreport.sun.com/bugreport/crash.jsp
# The crash happened outside the Java Virtual Machine in native code.
# See problematic frame for where to report the bug.
#

---------------  T H R E A D  ---------------

Current thread (0x04bab000):  JavaThread "AWT-EventQueue-0" [_thread_in_native, id=7364, stack(0x05010000,0x05060000)]

siginfo: ExceptionCode=0xc0000005, reading address 0x00000028

Registers:
EAX=0x00000000, EBX=0x34691838, ECX=0x763d98da, EDX=0x8068161c
ESP=0x0505e650, EBP=0x0505e698, ESI=0x34691838, EDI=0x04bab000
EIP=0x69bc43c5, EFLAGS=0x00010206

Top of Stack: (sp=0x0505e650)
0x0505e650:   24b4baa0 2a0a7d88 29a761a0 0505e65c
0x0505e660:   384ea78f 0505e684 38eeceb0 00000000
0x0505e670:   38eed900 00000000 0505e684 0505e6a8
0x0505e680:   023b3187 00000005 0505e688 3469166e
0x0505e690:   00000000 05eab6e8 0505e6dc 023ba5b7
0x0505e6a0:   04bab128 0505e6e4 0505e6f0 0505e6ec
0x0505e6b0:   00000000 24b4bb18 24b4baa0 0505e6bc
0x0505e6c0:   00000000 0505e6f0 34693590 00000000 

Instructions: (pc=0x69bc43c5)
0x69bc43a5:   01 ff 75 fc e8 da 05 00 00 83 c4 10 89 45 f8 83
0x69bc43b5:   ec 0c ff 75 fc e8 71 0b 00 00 83 c4 10 8b 45 f8
0x69bc43c5:   8b 40 28 89 45 f4 83 ec 08 a1 60 70 bc 69 8b 00
0x69bc43d5:   68 7d 42 bc 69 ff 35 60 70 bc 69 8b 40 18 ff d0 


Register to memory mapping:

EAX=0x00000000 is an unknown value
EBX=0x34691838 is an oop
{method} 
 - klass: {other class}
ECX=0x763d98da is an unknown value
EDX=0x8068161c is an unknown value
ESP=0x0505e650 is pointing into the stack for thread: 0x04bab000
EBP=0x0505e698 is pointing into the stack for thread: 0x04bab000
ESI=0x34691838 is an oop
{method} 
 - klass: {other class}
EDI=0x04bab000 is a thread


Stack: [0x05010000,0x05060000],  sp=0x0505e650,  free space=313k
Native frames: (J=compiled Java code, j=interpreted, Vv=VM code, C=native code)
C  [opencv.dll+0x43c5]  Java_de_offis_faint_detection_plugins_opencv_OpenCVDetection_detectFacesJNI+0x69
j  de.offis.faint.detection.plugins.opencv.OpenCVDetection.detectFacesJNI(Ljava/lang/String;Lde/offis/faint/detection/plugins/opencv/OpenCVDetection;)[Lde/offis/faint/model/Region;+0
j  de.offis.faint.detection.plugins.opencv.OpenCVDetection.detectFaces(Ljava/lang/String;I)[Lde/offis/faint/model/Region;+7
j  smilepanel.FacePixelTrace.cropFaces(Ljava/lang/String;I)[Ljava/awt/image/BufferedImage;+11
j  smilepanel.SmilePanel$RunButtonListener.actionPerformed(Ljava/awt/event/ActionEvent;)V+309
j  javax.swing.AbstractButton.fireActionPerformed(Ljava/awt/event/ActionEvent;)V+84
j  javax.swing.AbstractButton$Handler.actionPerformed(Ljava/awt/event/ActionEvent;)V+5
j  javax.swing.DefaultButtonModel.fireActionPerformed(Ljava/awt/event/ActionEvent;)V+35
j  javax.swing.DefaultButtonModel.setPressed(Z)V+117
j  javax.swing.plaf.basic.BasicButtonListener.mouseReleased(Ljava/awt/event/MouseEvent;)V+35
j  java.awt.Component.processMouseEvent(Ljava/awt/event/MouseEvent;)V+64
j  javax.swing.JComponent.processMouseEvent(Ljava/awt/event/MouseEvent;)V+23
j  java.awt.Component.processEvent(Ljava/awt/AWTEvent;)V+81
j  java.awt.Container.processEvent(Ljava/awt/AWTEvent;)V+18
j  java.awt.Component.dispatchEventImpl(Ljava/awt/AWTEvent;)V+581
J  java.awt.Container.dispatchEventImpl(Ljava/awt/AWTEvent;)V
j  java.awt.LightweightDispatcher.dispatchEvent(Ljava/awt/AWTEvent;)Z+50
J  java.awt.Container.dispatchEventImpl(Ljava/awt/AWTEvent;)V
J  java.awt.EventQueue.dispatchEventImpl(Ljava/awt/AWTEvent;Ljava/lang/Object;)V
V  [jvm.dll+0x122c7e]
V  [jvm.dll+0x1c9c0e]
V  [jvm.dll+0x122d0d]
V  [jvm.dll+0xd3c3a]
C  [java.dll+0x102f]  Java_java_security_AccessController_doPrivileged__Ljava_security_PrivilegedAction_2Ljava_security_AccessControlContext_2+0x17
J  java.security.ProtectionDomain$1.doIntersectionPrivilege(Ljava/security/PrivilegedAction;Ljava/security/AccessControlContext;Ljava/security/AccessControlContext;)Ljava/lang/Object;
j  java.awt.EventQueue$4.run()Ljava/lang/Void;+11
j  java.awt.EventQueue$4.run()Ljava/lang/Object;+1
v  ~StubRoutines::call_stub
V  [jvm.dll+0x122c7e]
V  [jvm.dll+0x1c9c0e]
V  [jvm.dll+0x122d0d]
V  [jvm.dll+0xd3c3a]
C  [java.dll+0x102f]  Java_java_security_AccessController_doPrivileged__Ljava_security_PrivilegedAction_2Ljava_security_AccessControlContext_2+0x17
J  java.awt.EventQueue.dispatchEvent(Ljava/awt/AWTEvent;)V
j  java.awt.EventDispatchThread.pumpEventsForHierarchy(ILjava/awt/Conditional;Ljava/awt/Component;)V+11
j  java.awt.EventDispatchThread.pumpEvents(ILjava/awt/Conditional;)V+4
j  java.awt.EventDispatchThread.pumpEvents(Ljava/awt/Conditional;)V+3
j  java.awt.EventDispatchThread.run()V+9
v  ~StubRoutines::call_stub
V  [jvm.dll+0x122c7e]
V  [jvm.dll+0x1c9c0e]
V  [jvm.dll+0x122e73]
V  [jvm.dll+0x122ed7]
V  [jvm.dll+0xccd1f]
V  [jvm.dll+0x14433f]
V  [jvm.dll+0x171549]
C  [msvcr100.dll+0x5c6de]  endthreadex+0x3a
C  [msvcr100.dll+0x5c788]  endthreadex+0xe4
C  [kernel32.dll+0x1339a]  BaseThreadInitThunk+0x12
C  [ntdll.dll+0x39ef2]  RtlInitializeExceptionChain+0x63
C  [ntdll.dll+0x39ec5]  RtlInitializeExceptionChain+0x36

Java frames: (J=compiled Java code, j=interpreted, Vv=VM code)
j  de.offis.faint.detection.plugins.opencv.OpenCVDetection.detectFacesJNI(Ljava/lang/String;Lde/offis/faint/detection/plugins/opencv/OpenCVDetection;)[Lde/offis/faint/model/Region;+0
j  de.offis.faint.detection.plugins.opencv.OpenCVDetection.detectFaces(Ljava/lang/String;I)[Lde/offis/faint/model/Region;+7
j  smilepanel.FacePixelTrace.cropFaces(Ljava/lang/String;I)[Ljava/awt/image/BufferedImage;+11
j  smilepanel.SmilePanel$RunButtonListener.actionPerformed(Ljava/awt/event/ActionEvent;)V+309
j  javax.swing.AbstractButton.fireActionPerformed(Ljava/awt/event/ActionEvent;)V+84
j  javax.swing.AbstractButton$Handler.actionPerformed(Ljava/awt/event/ActionEvent;)V+5
j  javax.swing.DefaultButtonModel.fireActionPerformed(Ljava/awt/event/ActionEvent;)V+35
j  javax.swing.DefaultButtonModel.setPressed(Z)V+117
j  javax.swing.plaf.basic.BasicButtonListener.mouseReleased(Ljava/awt/event/MouseEvent;)V+35
j  java.awt.Component.processMouseEvent(Ljava/awt/event/MouseEvent;)V+64
j  javax.swing.JComponent.processMouseEvent(Ljava/awt/event/MouseEvent;)V+23
j  java.awt.Component.processEvent(Ljava/awt/AWTEvent;)V+81
j  java.awt.Container.processEvent(Ljava/awt/AWTEvent;)V+18
j  java.awt.Component.dispatchEventImpl(Ljava/awt/AWTEvent;)V+581
J  java.awt.Container.dispatchEventImpl(Ljava/awt/AWTEvent;)V
J  java.awt.LightweightDispatcher.retargetMouseEvent(Ljava/awt/Component;ILjava/awt/event/MouseEvent;)V
j  java.awt.LightweightDispatcher.processMouseEvent(Ljava/awt/event/MouseEvent;)Z+139
j  java.awt.LightweightDispatcher.dispatchEvent(Ljava/awt/AWTEvent;)Z+50
J  java.awt.Container.dispatchEventImpl(Ljava/awt/AWTEvent;)V
j  java.awt.Window.dispatchEventImpl(Ljava/awt/AWTEvent;)V+19
J  java.awt.EventQueue.dispatchEventImpl(Ljava/awt/AWTEvent;Ljava/lang/Object;)V
J  java.awt.EventQueue$3.run()Ljava/lang/Object;
v  ~StubRoutines::call_stub
J  java.security.AccessController.doPrivileged(Ljava/security/PrivilegedAction;Ljava/security/AccessControlContext;)Ljava/lang/Object;
J  java.security.ProtectionDomain$1.doIntersectionPrivilege(Ljava/security/PrivilegedAction;Ljava/security/AccessControlContext;Ljava/security/AccessControlContext;)Ljava/lang/Object;
j  java.security.ProtectionDomain$1.doIntersectionPrivilege(Ljava/security/PrivilegedAction;Ljava/security/AccessControlContext;)Ljava/lang/Object;+6
j  java.awt.EventQueue$4.run()Ljava/lang/Void;+11
j  java.awt.EventQueue$4.run()Ljava/lang/Object;+1
v  ~StubRoutines::call_stub
J  java.security.AccessController.doPrivileged(Ljava/security/PrivilegedAction;Ljava/security/AccessControlContext;)Ljava/lang/Object;
J  java.awt.EventQueue.dispatchEvent(Ljava/awt/AWTEvent;)V
J  java.awt.EventDispatchThread.pumpOneEventForFilters(I)Z
j  java.awt.EventDispatchThread.pumpEventsForFilter(ILjava/awt/Conditional;Ljava/awt/EventFilter;)V+35
j  java.awt.EventDispatchThread.pumpEventsForHierarchy(ILjava/awt/Conditional;Ljava/awt/Component;)V+11
j  java.awt.EventDispatchThread.pumpEvents(ILjava/awt/Conditional;)V+4
j  java.awt.EventDispatchThread.pumpEvents(Ljava/awt/Conditional;)V+3
j  java.awt.EventDispatchThread.run()V+9
v  ~StubRoutines::call_stub

---------------  P R O C E S S  ---------------

Java Threads: ( => current thread )
  0x056f0800 JavaThread "Image Fetcher 3" daemon [_thread_blocked, id=9784, stack(0x06240000,0x06290000)]
  0x04cb7000 JavaThread "TimerQueue" daemon [_thread_blocked, id=8132, stack(0x05530000,0x05580000)]
  0x003e9c00 JavaThread "DestroyJavaVM" [_thread_blocked, id=1776, stack(0x00380000,0x003d0000)]
=>0x04bab000 JavaThread "AWT-EventQueue-0" [_thread_in_native, id=7364, stack(0x05010000,0x05060000)]
  0x04baa800 JavaThread "AWT-Shutdown" [_thread_blocked, id=10160, stack(0x04980000,0x049d0000)]
  0x04c33800 JavaThread "AWT-Windows" daemon [_thread_in_native, id=8812, stack(0x04de0000,0x04e30000)]
  0x04c30400 JavaThread "Java2D Disposer" daemon [_thread_blocked, id=3580, stack(0x047c0000,0x04810000)]
  0x00b3e800 JavaThread "Service Thread" daemon [_thread_blocked, id=9396, stack(0x04a10000,0x04a60000)]
  0x00b39800 JavaThread "C1 CompilerThread0" daemon [_thread_blocked, id=9924, stack(0x04770000,0x047c0000)]
  0x00b38400 JavaThread "Attach Listener" daemon [_thread_blocked, id=10064, stack(0x04830000,0x04880000)]
  0x00b35000 JavaThread "Signal Dispatcher" daemon [_thread_blocked, id=9640, stack(0x04660000,0x046b0000)]
  0x00b28000 JavaThread "Finalizer" daemon [_thread_blocked, id=4080, stack(0x04720000,0x04770000)]
  0x00b26800 JavaThread "Reference Handler" daemon [_thread_blocked, id=8148, stack(0x044b0000,0x04500000)]

Other Threads:
  0x00b24800 VMThread [stack: 0x043c0000,0x04410000] [id=2024]
  0x00b48400 WatcherThread [stack: 0x04b40000,0x04b90000] [id=6992]

VM state:not at safepoint (normal execution)

VM Mutex/Monitor currently owned by a thread: None

Heap
 def new generation   total 14016K, used 7838K [0x244e0000, 0x25410000, 0x29a30000)
  eden space 12480K,  54% used [0x244e0000, 0x24b8f4d0, 0x25110000)
  from space 1536K,  64% used [0x25110000, 0x25208408, 0x25290000)
  to   space 1536K,   0% used [0x25290000, 0x25290000, 0x25410000)
 tenured generation   total 31080K, used 25753K [0x29a30000, 0x2b88a000, 0x344e0000)
   the space 31080K,  82% used [0x29a30000, 0x2b356478, 0x2b356600, 0x2b88a000)
 compacting perm gen  total 12288K, used 3734K [0x344e0000, 0x350e0000, 0x384e0000)
   the space 12288K,  30% used [0x344e0000, 0x34885870, 0x34885a00, 0x350e0000)
    ro space 10240K,  45% used [0x384e0000, 0x389619f0, 0x38961a00, 0x38ee0000)
    rw space 12288K,  54% used [0x38ee0000, 0x395605a0, 0x39560600, 0x39ae0000)

Code Cache  [0x023b0000, 0x025f0000, 0x043b0000)
 total_blobs=1187 nmethods=930 adapters=189 free_code_cache=30493Kb largest_free_block=31225152

Dynamic libraries:
0x00c50000 - 0x00c7e000 	C:\Program Files (x86)\Java\jdk1.7.0_01\bin\java.exe
0x773a0000 - 0x77520000 	C:\Windows\SysWOW64\ntdll.dll
0x75f50000 - 0x76060000 	C:\Windows\syswow64\kernel32.dll
0x75bb0000 - 0x75bf6000 	C:\Windows\syswow64\KERNELBASE.dll
0x76330000 - 0x763d0000 	C:\Windows\syswow64\ADVAPI32.dll
0x763d0000 - 0x7647c000 	C:\Windows\syswow64\msvcrt.dll
0x74dc0000 - 0x74dd9000 	C:\Windows\SysWOW64\sechost.dll
0x75c60000 - 0x75d50000 	C:\Windows\syswow64\RPCRT4.dll
0x74a80000 - 0x74ae0000 	C:\Windows\syswow64\SspiCli.dll
0x74a70000 - 0x74a7c000 	C:\Windows\syswow64\CRYPTBASE.dll
0x764d0000 - 0x765d0000 	C:\Windows\syswow64\USER32.dll
0x76060000 - 0x760f0000 	C:\Windows\syswow64\GDI32.dll
0x75ea0000 - 0x75eaa000 	C:\Windows\syswow64\LPK.dll
0x76810000 - 0x768ad000 	C:\Windows\syswow64\USP10.dll
0x71ee0000 - 0x7207e000 	C:\Windows\WinSxS\x86_microsoft.windows.common-controls_6595b64144ccf1df_6.0.7601.17514_none_41e6975e2bd6f2b2\COMCTL32.dll
0x767b0000 - 0x76807000 	C:\Windows\syswow64\SHLWAPI.dll
0x75eb0000 - 0x75f10000 	C:\Windows\system32\IMM32.DLL
0x76100000 - 0x761cc000 	C:\Windows\syswow64\MSCTF.dll
0x69fb0000 - 0x6a06e000 	C:\Program Files (x86)\Java\jdk1.7.0_01\jre\bin\msvcr100.dll
0x69850000 - 0x69b71000 	C:\Program Files (x86)\Java\jdk1.7.0_01\jre\bin\client\jvm.dll
0x72c20000 - 0x72c27000 	C:\Windows\system32\WSOCK32.dll
0x75f10000 - 0x75f45000 	C:\Windows\syswow64\WS2_32.dll
0x74d30000 - 0x74d36000 	C:\Windows\syswow64\NSI.dll
0x72c50000 - 0x72c82000 	C:\Windows\system32\WINMM.dll
0x77370000 - 0x77375000 	C:\Windows\syswow64\PSAPI.DLL
0x74900000 - 0x7490c000 	C:\Program Files (x86)\Java\jdk1.7.0_01\jre\bin\verify.dll
0x74720000 - 0x74740000 	C:\Program Files (x86)\Java\jdk1.7.0_01\jre\bin\java.dll
0x74300000 - 0x74313000 	C:\Program Files (x86)\Java\jdk1.7.0_01\jre\bin\zip.dll
0x69d60000 - 0x69ea2000 	C:\Program Files (x86)\Java\jdk1.7.0_01\jre\bin\awt.dll
0x768b0000 - 0x7693f000 	C:\Windows\syswow64\OLEAUT32.dll
0x74de0000 - 0x74f3c000 	C:\Windows\syswow64\ole32.dll
0x72cc0000 - 0x72cd3000 	C:\Windows\system32\DWMAPI.DLL
0x72ce0000 - 0x72d60000 	C:\Windows\system32\uxtheme.dll
0x72490000 - 0x72498000 	c:\PROGRA~2\mcafee\SITEAD~1\saHook.dll
0x74f40000 - 0x75b8a000 	C:\Windows\syswow64\SHELL32.dll
0x6d060000 - 0x6d08a000 	C:\Program Files (x86)\Java\jdk1.7.0_01\jre\bin\fontmanager.dll
0x6d100000 - 0x6d114000 	C:\Program Files (x86)\Java\jdk1.7.0_01\jre\bin\net.dll
0x73230000 - 0x7326c000 	C:\Windows\system32\mswsock.dll
0x72c30000 - 0x72c36000 	C:\Windows\System32\wship6.dll
0x74680000 - 0x7468f000 	C:\Program Files (x86)\Java\jdk1.7.0_01\jre\bin\nio.dll
0x6cd70000 - 0x6cda1000 	C:\Program Files (x86)\Java\jdk1.7.0_01\jre\bin\t2k.dll
0x74ae0000 - 0x74b63000 	C:\Windows\syswow64\CLBCatQ.DLL
0x73a20000 - 0x73b1b000 	C:\Windows\system32\WindowsCodecs.dll
0x72560000 - 0x725ac000 	C:\Windows\system32\apphelp.dll
0x697d0000 - 0x69801000 	C:\Windows\system32\EhStorShell.dll
0x76940000 - 0x76add000 	C:\Windows\syswow64\SETUPAPI.dll
0x761e0000 - 0x76207000 	C:\Windows\syswow64\CFGMGR32.dll
0x75b90000 - 0x75ba2000 	C:\Windows\syswow64\DEVOBJ.dll
0x71570000 - 0x71665000 	C:\Windows\system32\PROPSYS.dll
0x64370000 - 0x6477a000 	C:\PROGRA~2\MICROS~4\Office14\GROOVEEX.DLL
0x745d0000 - 0x74673000 	C:\Windows\WinSxS\x86_microsoft.vc90.crt_1fc8b3b9a1e18e3b_9.0.30729.6161_none_50934f2ebcb7eb57\MSVCR90.dll
0x74910000 - 0x7499e000 	C:\Windows\WinSxS\x86_microsoft.vc90.crt_1fc8b3b9a1e18e3b_9.0.30729.6161_none_50934f2ebcb7eb57\MSVCP90.dll
0x69820000 - 0x6984b000 	C:\Windows\WinSxS\x86_microsoft.vc90.atl_1fc8b3b9a1e18e3b_9.0.30729.6161_none_51cd0a7abbe4e19b\ATL90.DLL
0x693c0000 - 0x697cf000 	C:\PROGRA~2\COMMON~1\MICROS~1\OFFICE14\Cultures\office.odf
0x62c90000 - 0x634f4000 	C:\PROGRA~2\MICROS~4\Office14\1033\GrooveIntlResource.dll
0x6ccd0000 - 0x6cd40000 	C:\Windows\system32\ntshrui.dll
0x721a0000 - 0x721b9000 	C:\Windows\system32\srvcli.dll
0x71400000 - 0x7140b000 	C:\Windows\system32\cscapi.dll
0x73dd0000 - 0x73dda000 	C:\Windows\system32\slc.dll
0x69d30000 - 0x69d54000 	C:\Program Files (x86)\Java\jdk1.7.0_01\jre\bin\dcpr.dll
0x69f80000 - 0x69fa5000 	C:\Program Files (x86)\Java\jdk1.7.0_01\jre\bin\jpeg.dll
0x10000000 - 0x10035000 	C:\Users\Mithila\.faint\opencv\libguide40.dll
0x05a80000 - 0x05b80000 	C:\Users\Mithila\.faint\opencv\cxcore100.dll
0x05b80000 - 0x05c54000 	C:\Users\Mithila\.faint\opencv\cv100.dll
0x053e0000 - 0x05480000 	C:\Users\Mithila\.faint\opencv\highgui100.dll
0x69f60000 - 0x69f79000 	C:\Windows\system32\AVIFIL32.dll
0x73db0000 - 0x73dc4000 	C:\Windows\system32\MSACM32.dll
0x71410000 - 0x71431000 	C:\Windows\system32\MSVFW32.dll
0x714a0000 - 0x714b3000 	C:\Windows\system32\AVICAP32.dll
0x72c40000 - 0x72c49000 	C:\Windows\system32\VERSION.dll
0x69bc0000 - 0x69bcb000 	C:\Users\Mithila\.faint\opencv\opencv.dll
0x72af0000 - 0x72b06000 	C:\Windows\system32\CRYPTSP.dll
0x72ab0000 - 0x72aeb000 	C:\Windows\system32\rsaenh.dll
0x73200000 - 0x73217000 	C:\Windows\system32\USERENV.dll
0x731f0000 - 0x731fb000 	C:\Windows\system32\profapi.dll
0x72390000 - 0x723a0000 	C:\Windows\system32\NLAapi.dll
0x72380000 - 0x72390000 	C:\Windows\system32\napinsp.dll
0x72360000 - 0x72372000 	C:\Windows\system32\pnrpnsp.dll
0x72b50000 - 0x72b94000 	C:\Windows\system32\DNSAPI.dll
0x72350000 - 0x72358000 	C:\Windows\System32\winrnr.dll
0x72320000 - 0x72347000 	C:\Program Files (x86)\Common Files\Microsoft Shared\Windows Live\WLIDNSP.DLL
0x72ca0000 - 0x72ca5000 	C:\Windows\System32\wshtcpip.dll
0x72a30000 - 0x72a4c000 	C:\Windows\system32\IPHLPAPI.DLL
0x72a20000 - 0x72a27000 	C:\Windows\system32\WINNSI.DLL
0x71520000 - 0x71526000 	C:\Windows\system32\rasadhlp.dll
0x71530000 - 0x71568000 	C:\Windows\System32\fwpuclnt.dll

VM Arguments:
jvm_args: -Dfile.encoding=UTF-8 
java_command: smilepanel.SmilePanel
Launcher Type: SUN_STANDARD

Environment Variables:
JAVA_HOME=C:\Program Files (x86)\Java\jdk1.7.0
CLASSPATH=.;C:\opencv\3rdparty\lib;C:\Program Files (x86)\Java\bin
PATH=C:\Program Files (x86)\WANdisco\uberSVN\bin;C:\Program Files (x86)\Java\jdk1.7.0_01\bin;c:\Program Files (x86)\Microsoft SQL Server\100\Tools\Binn\;c:\Program Files\Microsoft SQL Server\100\Tools\Binn\;c:\Program Files\Microsoft SQL Server\100\DTS\Binn\;C:\Program Files (x86)\CMake 2.8\bin;C:\OpenCV2.1\bin;C:\Program Files (x86)\QuickTime\QTSystem\;C:\Program Files (x86)\Common Files\Ulead Systems\MPEG;MAVEN_HOME\bin
USERNAME=Mithila
OS=Windows_NT
PROCESSOR_IDENTIFIER=Intel64 Family 6 Model 37 Stepping 5, GenuineIntel



---------------  S Y S T E M  ---------------

OS: Windows 7 , 64 bit Build 7601 Service Pack 1

CPU:total 4 (2 cores per cpu, 2 threads per core) family 6 model 37 stepping 5, cmov, cx8, fxsr, mmx, sse, sse2, sse3, ssse3, sse4.1, sse4.2, popcnt, ht

Memory: 4k page, physical 3857108k(920980k free), swap 7712364k(3017788k free)

vm_info: Java HotSpot(TM) Client VM (21.1-b02) for windows-x86 JRE (1.7.0_01-b08), built on Oct  3 2011 02:11:36 by "java_re" with unknown MS VC++:1600

time: Sat May 05 00:23:56 2012
elapsed time: 315 seconds

